(c) Copyright IBM Corporation 1993,2007
Command Line Processor for DB2 Client 11.5.4.0

You can issue database manager commands and SQL statements from the command 
prompt. For example:
    db2 => connect to sample
    db2 => bind sample.bnd

For general help, type: ?.
For command help, type: ? command, where command can be
the first few keywords of a database manager command. For example:
 ? CATALOG DATABASE for help on the CATALOG DATABASE command
 ? CATALOG          for help on all of the CATALOG commands.

To exit db2 interactive mode, type QUIT at the command prompt. Outside 
interactive mode, all commands must be prefixed with 'db2'.
To list the current command option settings, type LIST COMMAND OPTIONS.

For more detailed help, refer to the Online Reference Manual.

db2 => db2 => db2 => db2 => db2 => CONNECT TO cs421

   Database Connection Information

 Database server        = DB2/LINUXX8664 11.5.4.0
 SQL authorization ID   = RTER
 Local database alias   = CS421


db2 => db2 => db2 => db2 (cont.) => db2 (cont.) => db2 (cont.) => db2 (cont.) => CREATE TABLE PRIORITYSYS( sysname CHAR(20) NOT NULL, prioritynum INTEGER, PRIMARY KEY (sysname) )
DB20000I  The SQL command completed successfully.

db2 => db2 => db2 (cont.) => db2 (cont.) => db2 (cont.) => db2 (cont.) => db2 (cont.) => db2 (cont.) => db2 (cont.) => db2 (cont.) => db2 (cont.) => db2 (cont.) => db2 (cont.) => db2 (cont.) => CREATE TABLE PERSON ( insNum INTEGER NOT NULL UNIQUE, pname CHAR(50) NOT NULL, pphone INTEGER NOT NULL , paddress CHAR (100) NOT NULL , pbirthdate DATE NOT NULL , gender CHAR(1), pregdate DATE NOT NULL , category CHAR(20), PRIMARY KEY (insNum), FOREIGN KEY (category) REFERENCES PRIORITYSYS(sysname) )
SQL0541W  The referential, primary key, or unique constraint "INSNUM..." is 
ignored because it is a duplicate constraint.  SQLSTATE=01543

db2 => db2 => db2 (cont.) => db2 (cont.) => db2 (cont.) => db2 (cont.) => db2 (cont.) => db2 (cont.) => CREATE TABLE VACLOCATION( locname CHAR(20) NOT NULL UNIQUE, vcity CHAR (15), vpostalcode CHAR (6), vstreetadr CHAR (100), PRIMARY KEY (locname) )
SQL0541W  The referential, primary key, or unique constraint "LOCNAME..." is 
ignored because it is a duplicate constraint.  SQLSTATE=01543

db2 => db2 (cont.) => db2 (cont.) => db2 (cont.) => db2 (cont.) => db2 (cont.) => CREATE TABLE VACDATES( location CHAR(20) NOT NULL , vdate DATE NOT NULL UNIQUE, PRIMARY KEY (location, vdate), FOREIGN KEY (location) REFERENCES VACLOCATION(locname) )
DB20000I  The SQL command completed successfully.

db2 => db2 (cont.) => db2 (cont.) => db2 (cont.) => db2 (cont.) => db2 (cont.) => db2 (cont.) => CREATE TABLE LOCCAPACITY( locname CHAR(20) NOT NULL, day DATE NOT NULL UNIQUE , capacity INTEGER NOT NULL, PRIMARY KEY (locname, day), FOREIGN KEY (locname,day) REFERENCES VACDATES(location,vdate) )
DB20000I  The SQL command completed successfully.

db2 => db2 => db2 (cont.) => db2 (cont.) => db2 (cont.) => db2 (cont.) => CREATE TABLE  HOSPITAL( hname CHAR (20) NOT NULL , PRIMARY KEY (hname), FOREIGN KEY (hname) REFERENCES VACLOCATION(locname) )
DB20000I  The SQL command completed successfully.

db2 => db2 => db2 (cont.) => db2 (cont.) => db2 (cont.) => db2 (cont.) => db2 (cont.) => db2 (cont.) => CREATE TABLE NURSE( licensenum INTEGER NOT NULL, nname CHAR(50) NOT NULL, hname CHAR(20), PRIMARY KEY (licensenum), FOREIGN KEY (hname) REFERENCES  HOSPITAL )
DB20000I  The SQL command completed successfully.

db2 => db2 => db2 (cont.) => db2 (cont.) => db2 (cont.) => db2 (cont.) => db2 (cont.) => db2 (cont.) => db2 (cont.) => CREATE TABLE  NURSEASSIGNMENTS( licensenum INTEGER NOT NULL, location CHAR(20) NOT NULL, vdate DATE NOT NULL, PRIMARY KEY (licensenum, location, vdate), FOREIGN KEY (licensenum) REFERENCES NURSE, FOREIGN KEY (location, vdate) REFERENCES VACDATES )
DB20000I  The SQL command completed successfully.

db2 => db2 (cont.) => db2 (cont.) => db2 (cont.) => db2 (cont.) => db2 (cont.) => db2 (cont.) => CREATE TABLE VACCINE( vname CHAR (15) NOT NULL , vnumdoses INTEGER NOT  NULL, vcompany CHAR (15), vwaitperiod INTEGER, PRIMARY KEY  (vname) )
DB20000I  The SQL command completed successfully.

db2 => db2 => db2 (cont.) => db2 (cont.) => db2 (cont.) => db2 (cont.) => db2 (cont.) => db2 (cont.) => db2 (cont.) => db2 (cont.) => CREATE TABLE  VACCINEBATCH( vbid INTEGER NOT NULL, vbcompany CHAR (15) NOT NULL , vaccine CHAR (15) NOT NULL , manufdate DATE NOT NULL, expirydate DATE NOT NULL, PRIMARY KEY (vbid, vbcompany, vaccine), FOREIGN KEY (vaccine) REFERENCES VACCINE(vname) )
DB20000I  The SQL command completed successfully.

db2 => db2 => db2 (cont.) => db2 (cont.) => db2 (cont.) => db2 (cont.) => db2 (cont.) => db2 (cont.) => db2 (cont.) => CREATE  TABLE VIAL( vialid INTEGER NOT NULL, vbid INTEGER NOT NULL, vaccine CHAR (15) NOT NULL , vbcompany CHAR (15) NOT NULL , PRIMARY KEY (vialid, vbid, vbcompany, vaccine), FOREIGN KEY (vbid,vbcompany,vaccine) REFERENCES  VACCINEBATCH(vbid, vbcompany,vaccine) )
DB20000I  The SQL command completed successfully.

db2 => db2 => db2 (cont.) => db2 (cont.) => db2 (cont.) => db2 (cont.) => db2 (cont.) => db2 (cont.) => db2 (cont.) => db2 (cont.) => db2 (cont.) => CREATE TABLE  SENDBATCH ( locname CHAR(20) NOT NULL , vbid INTEGER NOT NULL , vbcompany CHAR(15) NOT NULL, vaccine CHAR(15), vactotal INTEGER, PRIMARY KEY (locname, vbid, vbcompany ), FOREIGN KEY (locname) REFERENCES VACLOCATION, FOREIGN KEY  (vbid, vbcompany,vaccine) REFERENCES  VACCINEBATCH )
DB20000I  The SQL command completed successfully.

db2 => db2 => db2 (cont.) => db2 (cont.) => db2 (cont.) => db2 (cont.) => db2 (cont.) => db2 (cont.) => db2 (cont.) => db2 (cont.) => db2 (cont.) => db2 (cont.) => db2 (cont.) => db2 (cont.) => db2 (cont.) => db2 (cont.) => db2 (cont.) => db2 (cont.) => db2 (cont.) => CREATE TABLE SLOT( location CHAR(20) NOT NULL, vdate DATE NOT NULL, vtime TIME NOT NULL, sid INTEGER NOT NULL, insNum INTEGER, asndate DATE, licensenum INTEGER, vaccine CHAR(15), vbcompany CHAR(15), vbid INTEGER, vialid INTEGER, PRIMARY KEY (location, vdate, vtime,sid), FOREIGN KEY (location, vdate) REFERENCES VACDATES(location, vdate), FOREIGN KEY (licensenum) REFERENCES NURSE, FOREIGN KEY (insNum) REFERENCES PERSON, FOREIGN KEY (vaccine,vbcompany, vbid, vialid) REFERENCES VIAL(vaccine,vbcompany, vbid, vialid) )
DB20000I  The SQL command completed successfully.

db2 => 